Arquivo arquivo.txt inexistente<br>Arquivo arquivo.txt inexistente<br>08-06-2010 09:56:49-Erro: SQLSTATE[28000] [1045] Access denied for user 'usuario'@'localhost' (using password: YES)
#0 /var/www/workspace/Livraria/class/Tabela.class.php(30): PDO->__construct('mysql:host=loca...', 'usuario', '123', Array)
#1 /var/www/workspace/Livraria/intro/index.php(5): Tabela->__construct()
#2 {main}
08-06-2010 09:57:36-Erro: SQLSTATE[28000] [1045] Access denied for user 'livraria_usuario'@'localhost' (using password: YES)
#0 /var/www/workspace/Livraria/class/Tabela.class.php(30): PDO->__construct('mysql:host=loca...', 'livraria_usuari...', '123456', Array)
#1 /var/www/workspace/Livraria/intro/index.php(5): Tabela->__construct()
#2 {main}
08-06-2010 10:27:38-Erro: Esperado um Array para Inserir Registro
#0 /var/www/workspace/Livraria/intro/inserirCategoria.php(11): Tabela->inserir(1)
#1 {main}
08-06-2010 15:57:06-Erro: invalid data source name
#0 /var/www/workspace/Livraria/class/Tabela.class.php(30): PDO->__construct('', 'livraria_user', '123456', Array)
#1 /var/www/workspace/Livraria/intro/index.php(6): Tabela->__construct()
#2 {main}
08-06-2010 15:58:15-Erro: invalid data source name
#0 /var/www/workspace/Livraria/class/Tabela.class.php(30): PDO->__construct('', 'livraria_user', '123456', Array)
#1 /var/www/workspace/Livraria/intro/index.php(6): Tabela->__construct()
#2 {main}
08-06-2010 15:58:16-Erro: invalid data source name
#0 /var/www/workspace/Livraria/class/Tabela.class.php(30): PDO->__construct('', 'livraria_user', '123456', Array)
#1 /var/www/workspace/Livraria/intro/index.php(6): Tabela->__construct()
#2 {main}
08-06-2010 15:58:17-Erro: invalid data source name
#0 /var/www/workspace/Livraria/class/Tabela.class.php(30): PDO->__construct('', 'livraria_user', '123456', Array)
#1 /var/www/workspace/Livraria/intro/index.php(6): Tabela->__construct()
#2 {main}
08-06-2010 16:00:13-Erro: invalid data source name
#0 /var/www/workspace/Livraria/class/Tabela.class.php(30): PDO->__construct('', 'livraria_user', '123456', Array)
#1 /var/www/workspace/Livraria/intro/index.php(6): Tabela->__construct()
#2 {main}
08-06-2010 16:01:49-Erro: invalid data source name
#0 /var/www/workspace/Livraria/class/Tabela.class.php(29): PDO->__construct('', 'livraria_user', '123456')
#1 /var/www/workspace/Livraria/intro/index.php(6): Tabela->__construct()
#2 {main}
08-06-2010 16:01:49-Erro: invalid data source name
#0 /var/www/workspace/Livraria/class/Tabela.class.php(29): PDO->__construct('', 'livraria_user', '123456')
#1 /var/www/workspace/Livraria/intro/index.php(6): Tabela->__construct()
#2 {main}
08-06-2010 16:01:50-Erro: invalid data source name
#0 /var/www/workspace/Livraria/class/Tabela.class.php(29): PDO->__construct('', 'livraria_user', '123456')
#1 /var/www/workspace/Livraria/intro/index.php(6): Tabela->__construct()
#2 {main}
08-06-2010 16:01:51-Erro: invalid data source name
#0 /var/www/workspace/Livraria/class/Tabela.class.php(29): PDO->__construct('', 'livraria_user', '123456')
#1 /var/www/workspace/Livraria/intro/index.php(6): Tabela->__construct()
#2 {main}
08-06-2010 16:03:40-Erro: invalid data source name
#0 /var/www/workspace/Livraria/class/Tabela.class.php(30): PDO->__construct('', 'livraria_user', '123456', Array)
#1 /var/www/workspace/Livraria/intro/index.php(6): Tabela->__construct()
#2 {main}
08-06-2010 16:03:41-Erro: invalid data source name
#0 /var/www/workspace/Livraria/class/Tabela.class.php(30): PDO->__construct('', 'livraria_user', '123456', Array)
#1 /var/www/workspace/Livraria/intro/index.php(6): Tabela->__construct()
#2 {main}
08-06-2010 16:03:41-Erro: invalid data source name
#0 /var/www/workspace/Livraria/class/Tabela.class.php(30): PDO->__construct('', 'livraria_user', '123456', Array)
#1 /var/www/workspace/Livraria/intro/index.php(6): Tabela->__construct()
#2 {main}
08-06-2010 16:03:42-Erro: invalid data source name
#0 /var/www/workspace/Livraria/class/Tabela.class.php(30): PDO->__construct('', 'livraria_user', '123456', Array)
#1 /var/www/workspace/Livraria/intro/index.php(6): Tabela->__construct()
#2 {main}
08-06-2010 16:03:43-Erro: invalid data source name
#0 /var/www/workspace/Livraria/class/Tabela.class.php(30): PDO->__construct('', 'livraria_user', '123456', Array)
#1 /var/www/workspace/Livraria/intro/index.php(6): Tabela->__construct()
#2 {main}
08-06-2010 16:03:43-Erro: invalid data source name
#0 /var/www/workspace/Livraria/class/Tabela.class.php(30): PDO->__construct('', 'livraria_user', '123456', Array)
#1 /var/www/workspace/Livraria/intro/index.php(6): Tabela->__construct()
#2 {main}
08-06-2010 16:04:28-Erro: invalid data source name
#0 /var/www/workspace/Livraria/class/Tabela.class.php(30): PDO->__construct('', 'livraria_user', '123456', Array)
#1 /var/www/workspace/Livraria/intro/index.php(7): Tabela->__construct()
#2 {main}
08-06-2010 16:04:39-Erro: invalid data source name
#0 /var/www/workspace/Livraria/class/Tabela.class.php(30): PDO->__construct('', 'livraria_user', '123456', Array)
#1 /var/www/workspace/Livraria/intro/index.php(7): Tabela->__construct()
#2 {main}
08-06-2010 16:04:40-Erro: invalid data source name
#0 /var/www/workspace/Livraria/class/Tabela.class.php(30): PDO->__construct('', 'livraria_user', '123456', Array)
#1 /var/www/workspace/Livraria/intro/index.php(7): Tabela->__construct()
#2 {main}
08-06-2010 16:08:19-Erro: invalid data source name
#0 /var/www/workspace/Livraria/class/Tabela.class.php(30): PDO->__construct('', 'livraria_user', '123456', Array)
#1 /var/www/workspace/Livraria/intro/index2.php(8): Tabela->__construct()
#2 {main}
08-06-2010 16:22:01-Erro: invalid data source name
#0 /var/www/workspace/Livraria/class/Tabela.class.php(30): PDO->__construct('', 'livraria_user', '123456', Array)
#1 /var/www/workspace/Livraria/intro/index2.php(8): Tabela->__construct()
#2 {main}
08-06-2010 16:29:46-Erro: invalid data source name
#0 /var/www/workspace/Livraria/class/Tabela.class.php(30): PDO->__construct('', 'livraria_user', '123456', Array)
#1 /var/www/workspace/Livraria/intro/index.php(6): Tabela->__construct()
#2 {main}
08-06-2010 16:30:31-Erro: invalid data source name
#0 /var/www/workspace/Livraria/class/Tabela.class.php(30): PDO->__construct('', 'livraria_user', '123456', Array)
#1 /var/www/workspace/Livraria/intro/index.php(6): Tabela->__construct()
#2 {main}
08-06-2010 16:30:32-Erro: invalid data source name
#0 /var/www/workspace/Livraria/class/Tabela.class.php(30): PDO->__construct('', 'livraria_user', '123456', Array)
#1 /var/www/workspace/Livraria/intro/index.php(6): Tabela->__construct()
#2 {main}
08-06-2010 16:30:32-Erro: invalid data source name
#0 /var/www/workspace/Livraria/class/Tabela.class.php(30): PDO->__construct('', 'livraria_user', '123456', Array)
#1 /var/www/workspace/Livraria/intro/index.php(6): Tabela->__construct()
#2 {main}
08-06-2010 16:30:33-Erro: invalid data source name
#0 /var/www/workspace/Livraria/class/Tabela.class.php(30): PDO->__construct('', 'livraria_user', '123456', Array)
#1 /var/www/workspace/Livraria/intro/index.php(6): Tabela->__construct()
#2 {main}
08-06-2010 16:30:50-Erro: invalid data source name
#0 /var/www/workspace/Livraria/class/Tabela.class.php(30): PDO->__construct('', 'livraria_user', '123456', Array)
#1 /var/www/workspace/Livraria/intro/index.php(6): Tabela->__construct()
#2 {main}
08-06-2010 16:31:30-Erro: invalid data source name
#0 /var/www/workspace/Livraria/class/Tabela.class.php(30): PDO->__construct('', 'livraria_user', '123456', Array)
#1 /var/www/workspace/Livraria/intro/index2.php(8): Tabela->__construct()
#2 {main}
08-06-2010 16:31:40-Erro: invalid data source name
#0 /var/www/workspace/Livraria/class/Tabela.class.php(30): PDO->__construct('', 'livraria_user', '123456', Array)
#1 /var/www/workspace/Livraria/intro/index2.php(8): Tabela->__construct()
#2 {main}
08-06-2010 16:31:54-Erro: invalid data source name
#0 /var/www/workspace/Livraria/class/Tabela.class.php(30): PDO->__construct('', 'livraria_user', '123456', Array)
#1 /var/www/workspace/Livraria/intro/index2.php(8): Tabela->__construct()
#2 {main}
08-06-2010 16:50:33-Erro: invalid data source name
#0 /var/www/workspace/Livraria/class/Tabela.class.php(30): PDO->__construct('', 'livraria_user', '123456', Array)
#1 /var/www/workspace/Livraria/intro/index2.php(8): Tabela->__construct()
#2 {main}
08-06-2010 17:06:50-Erro: invalid data source name
#0 /var/www/workspace/Livraria/class/Tabela.class.php(30): PDO->__construct('', 'livraria_user', '123456', Array)
#1 /var/www/workspace/Livraria/intro/index2.php(8): Tabela->__construct()
#2 {main}
